<?xml version="1.0" encoding="UTF-8"?>
<!-- Generated by org.testng.reporters.JUnitReportReporter -->
<testsuite skipped="0" hostname="Qcentris150" name="tests.AutomationPractice_Test" tests="1" failures="0" timestamp="2021-04-21T17:13:42 EET" time="44.820" errors="0">
  <testcase name="test" time="44.820" classname="tests.AutomationPractice_Test"/>
  <system-out/>
</testsuite> <!-- tests.AutomationPractice_Test -->
